make all --print-data-base --no-builtin-variables --no-builtin-rules --question
make: *** No rule to make target 'all'.  Stop.

# GNU Make 4.2.1
# Built for x86_64-pc-linux-gnu
# Copyright (C) 1988-2016 Free Software Foundation, Inc.
# License GPLv3+: GNU GPL version 3 or later <http://gnu.org/licenses/gpl.html>
# This is free software: you are free to change and redistribute it.
# There is NO WARRANTY, to the extent permitted by law.

# Make data base, printed on Tue Nov  8 09:44:23 2022

# Variables

# automatic
<D = $(patsubst %/,%,$(dir $<))
# automatic
?F = $(notdir $?)
# environment
WSLENV = ELECTRON_RUN_AS_NODE/w:WT_SESSION::WT_PROFILE_ID
# default
.SHELLFLAGS := -c
# automatic
?D = $(patsubst %/,%,$(dir $?))
# automatic
@D = $(patsubst %/,%,$(dir $@))
# automatic
@F = $(notdir $@)
# makefile
CURDIR := /home/mengman/vscode/blog
# makefile
SHELL = /bin/sh
# environment
VSCODE_NLS_CONFIG = {"locale":"en","availableLanguages":{}}
# environment
_ = /mnt/c/Users/andre/AppData/Local/Programs/Microsoft VS Code/bin/code
# environment
STARSHIP_SESSION_KEY = 2528514953065311
# 'override' directive
GNUMAKEFLAGS := 
# environment
VSCODE_CWD = /mnt/c/Users/andre/AppData/Local/Programs/Microsoft VS Code
# default
MAKE_HOST := x86_64-pc-linux-gnu
# environment
PATH = /home/mengman/.vscode-server/bin/8fa188b2b301d36553cbc9ce1b0a146ccb93351f/bin/remote-cli:/usr/local/sbin:/usr/local/bin:/usr/sbin:/usr/bin:/sbin:/bin:/usr/games:/usr/local/games:/usr/lib/wsl/lib:/mnt/c/Program Files/WindowsApps/Microsoft.WindowsTerminal_1.15.2875.0_x64__8wekyb3d8bbwe:/mnt/c/Program Files (x86)/VMware/VMware Player/bin/:/mnt/c/Program Files/Common Files/Oracle/Java/javapath:/mnt/c/Program Files (x86)/Razer Chroma SDK/bin:/mnt/c/Program Files/Razer Chroma SDK/bin:/mnt/c/Program Files (x86)/Razer/ChromaBroadcast/bin:/mnt/c/Program Files/Razer/ChromaBroadcast/bin:/mnt/c/Program Files (x86)/Common Files/Oracle/Java/javapath:/mnt/c/windows/system32:/mnt/c/windows:/mnt/c/windows/System32/Wbem:/mnt/c/windows/System32/WindowsPowerShell/v1.0/:/mnt/c/windows/System32/OpenSSH/:/mnt/c/Program Files (x86)/NVIDIA Corporation/PhysX/Common:/mnt/c/Program Files/NVIDIA Corporation/NVIDIA NvDLISR:/mnt/c/Program Files/Intel/WiFi/bin/:/mnt/c/Program Files/Common Files/Intel/WirelessCommon/:/mnt/c/ProgramData/chocolatey/bin:/mnt/c/WINDOWS/system32:/mnt/c/WINDOWS:/mnt/c/WINDOWS/System32/Wbem:/mnt/c/WINDOWS/System32/WindowsPowerShell/v1.0/:/mnt/c/WINDOWS/System32/OpenSSH/:/mnt/c/WINDOWS/system32/config/systemprofile/AppData/Local/Microsoft/WindowsApps:/mnt/c/Program Files/Git/cmd:/mnt/c/Program Files/nodejs/:/mnt/c/WINDOWS/system32:/mnt/c/WINDOWS:/mnt/c/WINDOWS/System32/Wbem:/mnt/c/WINDOWS/System32/WindowsPowerShell/v1.0/:/mnt/c/WINDOWS/System32/OpenSSH/:/mnt/c/Program Files/dotnet/:/mnt/c/Program Files/Docker/Docker/resources/bin:/mnt/c/ProgramData/DockerDesktop/version-bin:/mnt/c/Users/andre/scoop/shims:/mnt/c/Users/andre/AppData/Local/Microsoft/WindowsApps:/mnt/c/Users/andre/AppData/Local/Programs/Microsoft VS Code/bin:/mnt/c/Users/andre/Anaconda3/Library/bin:/mnt/c/Users/andre/Anaconda3/Scripts:/mnt/c/Users/andre/Anaconda3:/mnt/c/Users/andre/Anaconda3/condabin:/mnt/c/Users/andre/AppData/Local/GitHubDesktop/bin:/mnt/c/Users/andre/AppData/Roaming/npm:/mnt/c/Program Files (x86)/Nmap:/mnt/c/Users/andre/spicetify-cli:/mnt/c/Program Files/JetBrains/IntelliJ IDEA Community Edition 2022.2.1/bin:/mnt/c/Users/andre/AppData/Local/Programs/Hyper/resources/bin
# environment
XDG_RUNTIME_DIR = /mnt/wslg/runtime-dir
# makefile (from 'Makefile', line 1)
MAKEFILE_LIST :=  Makefile
# environment
ELECTRON_RUN_AS_NODE = 1
# environment
VSCODE_IPC_HOOK_CLI = /mnt/wslg/runtime-dir/vscode-ipc-067a58eb-78e2-4141-877a-ca8b26d63c4e.sock
# default
.FEATURES := target-specific order-only second-expansion else-if shortest-stem undefine oneshell archives jobserver output-sync check-symlink load
# automatic
%F = $(notdir $%)
# environment
DISPLAY = :0
# environment
PWD = /home/mengman/vscode/blog
# default
.LOADED := 
# environment
WSL_INTEROP = /run/WSL/16210_interop
# environment
PULSE_SERVER = /mnt/wslg/PulseServer
# environment
WT_SESSION = 07fdf00b-0d93-43a3-a1a4-b736ad2d0f10
# environment
VSCODE_AMD_ENTRYPOINT = vs/workbench/api/node/extensionHostProcess
# environment
HOME = /home/mengman
# environment
LOGNAME = mengman
# environment
APPLICATION_INSIGHTS_NO_DIAGNOSTIC_CHANNEL = 1
# environment
VSCODE_HANDLES_UNCAUGHT_ERRORS = true
# automatic
^D = $(patsubst %/,%,$(dir $^))
# environment
MAKELEVEL := 0
# default
MAKE = $(MAKE_COMMAND)
# default
MAKECMDGOALS := all
# environment
SHLVL = 1
# default
MAKE_VERSION := 4.2.1
# environment
USER = mengman
# makefile
.DEFAULT_GOAL := help
# environment
NAME = Code
# automatic
%D = $(patsubst %/,%,$(dir $%))
# environment
VSCODE_WSL_EXT_LOCATION = /mnt/c/Users/andre/.vscode/extensions/ms-vscode-remote.remote-wsl-0.72.0
# default
MAKE_COMMAND := make
# environment
OLDPWD = /mnt/c/Users/andre/AppData/Local/Programs/Microsoft VS Code
# default
.VARIABLES := 
# automatic
*F = $(notdir $*)
# makefile
MAKEFLAGS = pqrR
# environment
MFLAGS = -pqrR
# automatic
*D = $(patsubst %/,%,$(dir $*))
# automatic
+D = $(patsubst %/,%,$(dir $+))
# automatic
+F = $(notdir $+)
# environment
VSCODE_HANDLES_SIGPIPE = true
# environment
WT_PROFILE_ID = {2c4de342-38b7-51cf-b940-2309a097f518}
# default
MAKEFILES := 
# automatic
<F = $(notdir $<)
# environment
LC_ALL = C
# environment
HOSTTYPE = x86_64
# automatic
^F = $(notdir $^)
# default
SUFFIXES := 
# environment
WAYLAND_DISPLAY = wayland-0
# default
.INCLUDE_DIRS = /usr/include /usr/local/include /usr/include
# default
.RECIPEPREFIX := 
# environment
LANG = C
# environment
TERM = xterm-256color
# environment
WSL_DISTRO_NAME = Ubuntu
# environment
STARSHIP_SHELL = zsh
# variable set hash-table stats:
# Load=68/1024=7%, Rehash=0, Collisions=7/93=8%

# Pattern-specific Variable Values

# No pattern-specific variable values.

# Directories

# . (device 2080, inode 131793): 35 files, no impossibilities.

# 35 files, no impossibilities in 1 directories.

# Implicit Rules

# No implicit rules.

# Files

stop: .FORCE
#  Implicit rule search has not been done.
#  Modification time never checked.
#  File has not been updated.
#  recipe to execute (from 'Makefile', line 33):
	docker-compose stop
	docker ps | grep fastpages | awk '{print $1}' | xargs docker stop

# Not a target:
all:
#  Command line target.
#  Implicit rule search has been done.
#  File does not exist.
#  File has not been updated.

bash-nb: .FORCE
#  Implicit rule search has not been done.
#  Modification time never checked.
#  File has not been updated.
#  recipe to execute (from 'Makefile', line 42):
	docker-compose exec watcher /bin/bash

server-detached: .FORCE
#  Implicit rule search has not been done.
#  Modification time never checked.
#  File has not been updated.
#  recipe to execute (from 'Makefile', line 11):
	docker-compose down || true;
	docker-compose up -d

# Not a target:
Makefile:
#  Implicit rule search has been done.
#  Last modified 2022-08-18 18:20:29
#  File has been updated.
#  Successfully updated.

remove: .FORCE
#  Implicit rule search has not been done.
#  Modification time never checked.
#  File has not been updated.
#  recipe to execute (from 'Makefile', line 38):
	docker-compose stop  || true; docker-compose rm || true;

server: .FORCE
#  Implicit rule search has not been done.
#  Modification time never checked.
#  File has not been updated.
#  recipe to execute (from 'Makefile', line 6):
	docker-compose down --remove-orphans || true;
	docker-compose up

build: .FORCE
#  Implicit rule search has not been done.
#  Modification time never checked.
#  File has not been updated.
#  recipe to execute (from 'Makefile', line 16):
	chmod 777 Gemfile.lock
	docker-compose stop || true; docker-compose rm || true;
	docker build --no-cache -t fastai/fastpages-jekyll -f _action_files/fastpages-jekyll.Dockerfile .
	docker-compose build --force-rm --no-cache

quick-build: .FORCE
#  Implicit rule search has not been done.
#  Modification time never checked.
#  File has not been updated.
#  recipe to execute (from 'Makefile', line 23):
	docker-compose stop || true;
	docker build -t fastai/fastpages-jekyll -f _action_files/fastpages-jekyll.Dockerfile .
	docker-compose build 

restart-jekyll: .FORCE
#  Implicit rule search has not been done.
#  Modification time never checked.
#  File has not been updated.
#  recipe to execute (from 'Makefile', line 50):
	docker-compose restart jekyll

help:
#  Implicit rule search has not been done.
#  Modification time never checked.
#  File has not been updated.
#  recipe to execute (from 'Makefile', line 2):
	cat Makefile

# Not a target:
.DEFAULT:
#  Implicit rule search has not been done.
#  Modification time never checked.
#  File has not been updated.

bash-jekyll: .FORCE
#  Implicit rule search has not been done.
#  Modification time never checked.
#  File has not been updated.
#  recipe to execute (from 'Makefile', line 46):
	docker-compose exec jekyll /bin/bash

convert: .FORCE
#  Implicit rule search has not been done.
#  Modification time never checked.
#  File has not been updated.
#  recipe to execute (from 'Makefile', line 29):
	docker-compose up converter

.FORCE:
#  Implicit rule search has not been done.
#  Modification time never checked.
#  File has not been updated.
#  recipe to execute (from 'Makefile', line 53):
	chmod -R u+rw .

# files hash-table stats:
# Load=16/1024=2%, Rehash=0, Collisions=0/37=0%
# VPATH Search Paths
 

# No 'vpath' search paths.

# No general ('VPATH' variable) search path.

# strcache buffers: 1 (0) / strings = 52 / storage = 551 B / avg = 10 B
# current buf: size = 8162 B / used = 551 B / count = 52 / avg = 10 B

# strcache performance: lookups = 78 / hit rate = 33%
# hash-table stats:
# Load=52/8192=1%, Rehash=0, Collisions=1/78=1%
# Finished Make data base on Tue Nov  8 09:44:23 2022

 
